<?xml version="1.0" encoding="UTF-8"?>
<testsuite xmlns:xsi="http://www.w3.org/2001/XMLSchema-instance" xsi:noNamespaceSchemaLocation="https://maven.apache.org/surefire/maven-surefire-plugin/xsd/surefire-test-report.xsd" name="edu.ucu.TestRegistrarJugador" time="0.135" tests="5" errors="0" skipped="0" failures="0">
  <properties>
[...]
</properties>
  <testcase name="TestBuscarJugadorInexistente" classname="edu.ucu.TestRegistrarJugador" time="0.02"/>
  <testcase name="TestRegistrarJugadorConNombreVacio" classname="edu.ucu.TestRegistrarJugador" time="0.001"/>
  <testcase name="TestJugadorDuplicado" classname="edu.ucu.TestRegistrarJugador" time="0.003"/>
  <testcase name="TestRegistrarJugadorExitoso" classname="edu.ucu.TestRegistrarJugador" time="0.001"/>
  <testcase name="TestJugadorPuntosNegativos" classname="edu.ucu.TestRegistrarJugador" time="0.002"/>
</testsuite>